# JRE version: Java(TM) SE Runtime Environment (9.0+181) (build 9+181)
# Java VM: Java HotSpot(TM) 64-Bit Server VM (9+181, mixed mode, tiered, compressed oops, g1 gc, windows-amd64)
Heap:
 garbage-first heap   total 131072K, used 75456K [0x0000000081c00000, 0x0000000081d00400, 0x0000000100000000)
  region size 1024K, 67 young (68608K), 3 survivors (3072K)
 Metaspace       used 26999K, capacity 27986K, committed 28288K, reserved 1075200K
  class space    used 3186K, capacity 3405K, committed 3456K, reserved 1048576K
GC Heap History (6 events):
Event: 0.609 GC heap before
{Heap before GC invocations=0 (full 0):
 garbage-first heap   total 131072K, used 14336K [0x0000000081c00000, 0x0000000081d00400, 0x0000000100000000)
  region size 1024K, 14 young (14336K), 0 survivors (0K)
 Metaspace       used 8450K, capacity 8708K, committed 8832K, reserved 1056768K
  class space    used 799K, capacity 867K, committed 896K, reserved 1048576K
}
Event: 0.613 GC heap after
{Heap after GC invocations=1 (full 0):
 garbage-first heap   total 131072K, used 5254K [0x0000000081c00000, 0x0000000081d00400, 0x0000000100000000)
  region size 1024K, 2 young (2048K), 2 survivors (2048K)
 Metaspace       used 8450K, capacity 8708K, committed 8832K, reserved 1056768K
  class space    used 799K, capacity 867K, committed 896K, reserved 1048576K
}
Event: 2.557 GC heap before
{Heap before GC invocations=1 (full 0):
 garbage-first heap   total 131072K, used 68742K [0x0000000081c00000, 0x0000000081d00400, 0x0000000100000000)
  region size 1024K, 64 young (65536K), 2 survivors (2048K)
 Metaspace       used 18290K, capacity 18902K, committed 19072K, reserved 1067008K
  class space    used 1993K, capacity 2123K, committed 2176K, reserved 1048576K
}
Event: 2.571 GC heap after
{Heap after GC invocations=2 (full 0):
 garbage-first heap   total 131072K, used 12684K [0x0000000081c00000, 0x0000000081d00400, 0x0000000100000000)
  region size 1024K, 8 young (8192K), 8 survivors (8192K)
 Metaspace       used 18290K, capacity 18902K, committed 19072K, reserved 1067008K
  class space    used 1993K, capacity 2123K, committed 2176K, reserved 1048576K
}
Event: 3.017 GC heap before
{Heap before GC invocations=2 (full 0):
 garbage-first heap   total 131072K, used 33164K [0x0000000081c00000, 0x0000000081d00400, 0x0000000100000000)
  region size 1024K, 29 young (29696K), 8 survivors (8192K)
 Metaspace       used 20390K, capacity 21176K, committed 21248K, reserved 1069056K
  class space    used 2357K, capacity 2540K, committed 2560K, reserved 1048576K
}
Event: 3.026 GC heap after
{Heap after GC invocations=3 (full 0):
 garbage-first heap   total 131072K, used 11968K [0x0000000081c00000, 0x0000000081d00400, 0x0000000100000000)
  region size 1024K, 3 young (3072K), 3 survivors (3072K)
 Metaspace       used 20390K, capacity 21176K, committed 21248K, reserved 1069056K
  class space    used 2357K, capacity 2540K, committed 2560K, reserved 1048576K
}

